<?xml version="1.0" encoding="UTF-8"?>
<!-- Generated by org.testng.reporters.JUnitXMLReporter -->
<testsuite ignored="0" hostname="namrata" failures="3" tests="42" name="Test" time="259.772" errors="0" timestamp="2023-05-04T10:53:55 IST">
  <testcase classname="orangeHrmProjectPages.UsermanagementPage" name="@AfterMethod addbutton" time="5.123">
    <failure type="org.openqa.selenium.NoSuchElementException" message="no such element: Unable to locate element: {&amp;quot;method&amp;quot;:&amp;quot;xpath&amp;quot;,&amp;quot;selector&amp;quot;:&amp;quot;/html/body/div/div[1]/div[2]/div[2]/div/div[2]/div[1]/button&amp;quot;}
  (Session info: chrome=109.0.5414.141)
For documentation on this error, please visit: http://seleniumhq.org/exceptions/no_such_element.html
Build info: version: &amp;apos;3.141.5&amp;apos;, revision: &amp;apos;d54ebd709a&amp;apos;, time: &amp;apos;2018-11-06T11:58:47&amp;apos;
System info: host: &amp;apos;NAMRATA&amp;apos;, ip: &amp;apos;192.168.163.1&amp;apos;, os.name: &amp;apos;Windows 8.1&amp;apos;, os.arch: &amp;apos;amd64&amp;apos;, os.version: &amp;apos;6.3&amp;apos;, java.version: &amp;apos;17.0.5&amp;apos;
Driver info: org.openqa.selenium.chrome.ChromeDriver
Capabilities {acceptInsecureCerts: false, browserName: chrome, browserVersion: 109.0.5414.141, chrome: {chromedriverVersion: 109.0.5414.74 (e7c5703604da..., userDataDir: C:\Users\digu\AppData\Local...}, goog:chromeOptions: {debuggerAddress: localhost:50755}, javascriptEnabled: true, networkConnectionEnabled: false, pageLoadStrategy: normal, platform: WINDOWS, platformName: WINDOWS, proxy: Proxy(), setWindowRect: true, strictFileInteractability: false, timeouts: {implicit: 0, pageLoad: 300000, script: 30000}, unhandledPromptBehavior: dismiss and notify, webauthn:extension:credBlob: true, webauthn:extension:largeBlob: true, webauthn:virtualAuthenticators: true}
Session ID: f54b206d37c0f79e231d7847e7001532
*** Element info: {Using=xpath, value=/html/body/div/div[1]/div[2]/div[2]/div/div[2]/div[1]/button}">
      <![CDATA[org.openqa.selenium.NoSuchElementException: no such element: Unable to locate element: {"method":"xpath","selector":"/html/body/div/div[1]/div[2]/div[2]/div/div[2]/div[1]/button"}
  (Session info: chrome=109.0.5414.141)
For documentation on this error, please visit: http://seleniumhq.org/exceptions/no_such_element.html
Build info: version: '3.141.5', revision: 'd54ebd709a', time: '2018-11-06T11:58:47'
System info: host: 'NAMRATA', ip: '192.168.163.1', os.name: 'Windows 8.1', os.arch: 'amd64', os.version: '6.3', java.version: '17.0.5'
Driver info: org.openqa.selenium.chrome.ChromeDriver
Capabilities {acceptInsecureCerts: false, browserName: chrome, browserVersion: 109.0.5414.141, chrome: {chromedriverVersion: 109.0.5414.74 (e7c5703604da..., userDataDir: C:\Users\digu\AppData\Local...}, goog:chromeOptions: {debuggerAddress: localhost:50755}, javascriptEnabled: true, networkConnectionEnabled: false, pageLoadStrategy: normal, platform: WINDOWS, platformName: WINDOWS, proxy: Proxy(), setWindowRect: true, strictFileInteractability: false, timeouts: {implicit: 0, pageLoad: 300000, script: 30000}, unhandledPromptBehavior: dismiss and notify, webauthn:extension:credBlob: true, webauthn:extension:largeBlob: true, webauthn:virtualAuthenticators: true}
Session ID: f54b206d37c0f79e231d7847e7001532
*** Element info: {Using=xpath, value=/html/body/div/div[1]/div[2]/div[2]/div/div[2]/div[1]/button}
at org.openqa.selenium.remote.http.W3CHttpResponseCodec.createException(W3CHttpResponseCodec.java:187)
at org.openqa.selenium.remote.http.W3CHttpResponseCodec.decode(W3CHttpResponseCodec.java:122)
at org.openqa.selenium.remote.http.W3CHttpResponseCodec.decode(W3CHttpResponseCodec.java:49)
at org.openqa.selenium.remote.HttpCommandExecutor.execute(HttpCommandExecutor.java:158)
at org.openqa.selenium.remote.service.DriverCommandExecutor.execute(DriverCommandExecutor.java:83)
at org.openqa.selenium.remote.RemoteWebDriver.execute(RemoteWebDriver.java:552)
at org.openqa.selenium.remote.RemoteWebDriver.findElement(RemoteWebDriver.java:323)
at org.openqa.selenium.remote.RemoteWebDriver.findElementByXPath(RemoteWebDriver.java:428)
at org.openqa.selenium.By$ByXPath.findElement(By.java:353)
at org.openqa.selenium.remote.RemoteWebDriver.findElement(RemoteWebDriver.java:315)
at orangeHrmProjectPages.UsermanagementPage.addbutton(UsermanagementPage.java:160)
at java.base/java.util.ArrayList.forEach(ArrayList.java:1511)
... Removed 37 stack frames]]>
    </failure>
  </testcase> <!-- @AfterMethod addbutton -->
  <testcase classname="orangeHrmProjectPages.UsermanagementPage" name="@BeforeMethod Usermngment" time="-1.683177750506E9">
    <skipped/>
  </testcase> <!-- @BeforeMethod Usermngment -->
  <testcase classname="orangeHrmProjectPages.UsermanagementPage" name="@AfterMethod addbutton" time="-1.683177750565E9">
    <skipped/>
  </testcase> <!-- @AfterMethod addbutton -->
  <testcase classname="orangeHrmProjectPages.UsermanagementPage" name="@BeforeMethod Usermngment" time="-1.683177750586E9">
    <skipped/>
  </testcase> <!-- @BeforeMethod Usermngment -->
  <testcase classname="orangeHrmProjectPages.UsermanagementPage" name="@AfterMethod addbutton" time="-1.683177750603E9">
    <skipped/>
  </testcase> <!-- @AfterMethod addbutton -->
  <testcase classname="orangeHrmProjectPages.UsermanagementPage" name="@BeforeMethod Usermngment" time="-1.683177750607E9">
    <skipped/>
  </testcase> <!-- @BeforeMethod Usermngment -->
  <testcase classname="orangeHrmProjectPages.UsermanagementPage" name="@AfterMethod addbutton" time="-1.683177750684E9">
    <skipped/>
  </testcase> <!-- @AfterMethod addbutton -->
  <testcase classname="orangeHrmProjectPages.adminPagem" name="@BeforeClass setUp" time="4.658">
    <failure type="org.openqa.selenium.NoSuchWindowException" message="no such window: target window already closed
from unknown error: web view not found
  (Session info: chrome=109.0.5414.141)
Build info: version: &amp;apos;3.141.5&amp;apos;, revision: &amp;apos;d54ebd709a&amp;apos;, time: &amp;apos;2018-11-06T11:58:47&amp;apos;
System info: host: &amp;apos;NAMRATA&amp;apos;, ip: &amp;apos;192.168.163.1&amp;apos;, os.name: &amp;apos;Windows 8.1&amp;apos;, os.arch: &amp;apos;amd64&amp;apos;, os.version: &amp;apos;6.3&amp;apos;, java.version: &amp;apos;17.0.5&amp;apos;
Driver info: org.openqa.selenium.chrome.ChromeDriver
Capabilities {acceptInsecureCerts: false, browserName: chrome, browserVersion: 109.0.5414.141, chrome: {chromedriverVersion: 109.0.5414.74 (e7c5703604da..., userDataDir: C:\Users\digu\AppData\Local...}, goog:chromeOptions: {debuggerAddress: localhost:50933}, javascriptEnabled: true, networkConnectionEnabled: false, pageLoadStrategy: normal, platform: WINDOWS, platformName: WINDOWS, proxy: Proxy(), setWindowRect: true, strictFileInteractability: false, timeouts: {implicit: 0, pageLoad: 300000, script: 30000}, unhandledPromptBehavior: dismiss and notify, webauthn:extension:credBlob: true, webauthn:extension:largeBlob: true, webauthn:virtualAuthenticators: true}
Session ID: 29b526086a2591550a27df9a434611d0
*** Element info: {Using=xpath, value=//input[@name=&amp;apos;username&amp;apos;]}">
      <![CDATA[org.openqa.selenium.NoSuchWindowException: no such window: target window already closed
from unknown error: web view not found
  (Session info: chrome=109.0.5414.141)
Build info: version: '3.141.5', revision: 'd54ebd709a', time: '2018-11-06T11:58:47'
System info: host: 'NAMRATA', ip: '192.168.163.1', os.name: 'Windows 8.1', os.arch: 'amd64', os.version: '6.3', java.version: '17.0.5'
Driver info: org.openqa.selenium.chrome.ChromeDriver
Capabilities {acceptInsecureCerts: false, browserName: chrome, browserVersion: 109.0.5414.141, chrome: {chromedriverVersion: 109.0.5414.74 (e7c5703604da..., userDataDir: C:\Users\digu\AppData\Local...}, goog:chromeOptions: {debuggerAddress: localhost:50933}, javascriptEnabled: true, networkConnectionEnabled: false, pageLoadStrategy: normal, platform: WINDOWS, platformName: WINDOWS, proxy: Proxy(), setWindowRect: true, strictFileInteractability: false, timeouts: {implicit: 0, pageLoad: 300000, script: 30000}, unhandledPromptBehavior: dismiss and notify, webauthn:extension:credBlob: true, webauthn:extension:largeBlob: true, webauthn:virtualAuthenticators: true}
Session ID: 29b526086a2591550a27df9a434611d0
*** Element info: {Using=xpath, value=//input[@name='username']}
at org.openqa.selenium.remote.http.W3CHttpResponseCodec.createException(W3CHttpResponseCodec.java:187)
at org.openqa.selenium.remote.http.W3CHttpResponseCodec.decode(W3CHttpResponseCodec.java:122)
at org.openqa.selenium.remote.http.W3CHttpResponseCodec.decode(W3CHttpResponseCodec.java:49)
at org.openqa.selenium.remote.HttpCommandExecutor.execute(HttpCommandExecutor.java:158)
at org.openqa.selenium.remote.service.DriverCommandExecutor.execute(DriverCommandExecutor.java:83)
at org.openqa.selenium.remote.RemoteWebDriver.execute(RemoteWebDriver.java:552)
at org.openqa.selenium.remote.RemoteWebDriver.findElement(RemoteWebDriver.java:323)
at org.openqa.selenium.remote.RemoteWebDriver.findElementByXPath(RemoteWebDriver.java:428)
at org.openqa.selenium.By$ByXPath.findElement(By.java:353)
at org.openqa.selenium.remote.RemoteWebDriver.findElement(RemoteWebDriver.java:315)
at orangeHrmProjectPages.adminPagem.setUp(adminPagem.java:27)
at java.base/java.util.ArrayList.forEach(ArrayList.java:1511)
... Removed 30 stack frames]]>
    </failure>
  </testcase> <!-- @BeforeClass setUp -->
  <testcase classname="orangeHrmProjectPages.adminPagem" name="@BeforeMethod topaygrades" time="-1.683177796475E9">
    <skipped/>
  </testcase> <!-- @BeforeMethod topaygrades -->
  <testcase classname="orangeHrmProjectPages.adminPagem" name="@BeforeMethod topaygrades" time="-1.683177796488E9">
    <skipped/>
  </testcase> <!-- @BeforeMethod topaygrades -->
  <testcase classname="orangeHrmProjectPages.adminPagem" name="@BeforeMethod topaygrades" time="-1.683177796507E9">
    <skipped/>
  </testcase> <!-- @BeforeMethod topaygrades -->
  <testcase classname="orangeHrmProjectPages.adminPagem" name="@BeforeMethod topaygrades" time="-1.683177796563E9">
    <skipped/>
  </testcase> <!-- @BeforeMethod topaygrades -->
  <testcase classname="orangeHrmProjectPages.adminPagem" name="@BeforeMethod topaygrades" time="-1.683177796643E9">
    <skipped/>
  </testcase> <!-- @BeforeMethod topaygrades -->
  <testcase classname="orangeHrmProjectPages.adminPagem" name="@BeforeMethod topaygrades" time="-1.683177796744E9">
    <skipped/>
  </testcase> <!-- @BeforeMethod topaygrades -->
  <testcase classname="orangeHrmProjectPages.adminPagem" name="@BeforeMethod topaygrades" time="-1.683177796763E9">
    <skipped/>
  </testcase> <!-- @BeforeMethod topaygrades -->
  <testcase classname="orangeHrmProjectPages.adminPagem" name="@BeforeMethod topaygrades" time="-1.683177796912E9">
    <skipped/>
  </testcase> <!-- @BeforeMethod topaygrades -->
  <testcase classname="orangeHrmProjectPages.adminPagem" name="@AfterClass close" time="-1.683177796924E9">
    <skipped/>
  </testcase> <!-- @AfterClass close -->
  <testcase classname="orangeHrmProjectPages.userJobpage" name="@BeforeMethod jobtitle" time="8.835">
    <failure type="org.openqa.selenium.NoSuchElementException" message="no such element: Unable to locate element: {&amp;quot;method&amp;quot;:&amp;quot;xpath&amp;quot;,&amp;quot;selector&amp;quot;:&amp;quot;//*[text()=&amp;apos;Job&amp;apos;]&amp;quot;}
  (Session info: chrome=109.0.5414.141)
For documentation on this error, please visit: http://seleniumhq.org/exceptions/no_such_element.html
Build info: version: &amp;apos;3.141.5&amp;apos;, revision: &amp;apos;d54ebd709a&amp;apos;, time: &amp;apos;2018-11-06T11:58:47&amp;apos;
System info: host: &amp;apos;NAMRATA&amp;apos;, ip: &amp;apos;192.168.163.1&amp;apos;, os.name: &amp;apos;Windows 8.1&amp;apos;, os.arch: &amp;apos;amd64&amp;apos;, os.version: &amp;apos;6.3&amp;apos;, java.version: &amp;apos;17.0.5&amp;apos;
Driver info: org.openqa.selenium.chrome.ChromeDriver
Capabilities {acceptInsecureCerts: false, browserName: chrome, browserVersion: 109.0.5414.141, chrome: {chromedriverVersion: 109.0.5414.74 (e7c5703604da..., userDataDir: C:\Users\digu\AppData\Local...}, goog:chromeOptions: {debuggerAddress: localhost:50949}, javascriptEnabled: true, networkConnectionEnabled: false, pageLoadStrategy: normal, platform: WINDOWS, platformName: WINDOWS, proxy: Proxy(), setWindowRect: true, strictFileInteractability: false, timeouts: {implicit: 0, pageLoad: 300000, script: 30000}, unhandledPromptBehavior: dismiss and notify, webauthn:extension:credBlob: true, webauthn:extension:largeBlob: true, webauthn:virtualAuthenticators: true}
Session ID: f02b1d89626cc6356639c418611a1d2e
*** Element info: {Using=xpath, value=//*[text()=&amp;apos;Job&amp;apos;]}">
      <![CDATA[org.openqa.selenium.NoSuchElementException: no such element: Unable to locate element: {"method":"xpath","selector":"//*[text()='Job']"}
  (Session info: chrome=109.0.5414.141)
For documentation on this error, please visit: http://seleniumhq.org/exceptions/no_such_element.html
Build info: version: '3.141.5', revision: 'd54ebd709a', time: '2018-11-06T11:58:47'
System info: host: 'NAMRATA', ip: '192.168.163.1', os.name: 'Windows 8.1', os.arch: 'amd64', os.version: '6.3', java.version: '17.0.5'
Driver info: org.openqa.selenium.chrome.ChromeDriver
Capabilities {acceptInsecureCerts: false, browserName: chrome, browserVersion: 109.0.5414.141, chrome: {chromedriverVersion: 109.0.5414.74 (e7c5703604da..., userDataDir: C:\Users\digu\AppData\Local...}, goog:chromeOptions: {debuggerAddress: localhost:50949}, javascriptEnabled: true, networkConnectionEnabled: false, pageLoadStrategy: normal, platform: WINDOWS, platformName: WINDOWS, proxy: Proxy(), setWindowRect: true, strictFileInteractability: false, timeouts: {implicit: 0, pageLoad: 300000, script: 30000}, unhandledPromptBehavior: dismiss and notify, webauthn:extension:credBlob: true, webauthn:extension:largeBlob: true, webauthn:virtualAuthenticators: true}
Session ID: f02b1d89626cc6356639c418611a1d2e
*** Element info: {Using=xpath, value=//*[text()='Job']}
at org.openqa.selenium.remote.http.W3CHttpResponseCodec.createException(W3CHttpResponseCodec.java:187)
at org.openqa.selenium.remote.http.W3CHttpResponseCodec.decode(W3CHttpResponseCodec.java:122)
at org.openqa.selenium.remote.http.W3CHttpResponseCodec.decode(W3CHttpResponseCodec.java:49)
at org.openqa.selenium.remote.HttpCommandExecutor.execute(HttpCommandExecutor.java:158)
at org.openqa.selenium.remote.service.DriverCommandExecutor.execute(DriverCommandExecutor.java:83)
at org.openqa.selenium.remote.RemoteWebDriver.execute(RemoteWebDriver.java:552)
at org.openqa.selenium.remote.RemoteWebDriver.findElement(RemoteWebDriver.java:323)
at org.openqa.selenium.remote.RemoteWebDriver.findElementByXPath(RemoteWebDriver.java:428)
at org.openqa.selenium.By$ByXPath.findElement(By.java:353)
at org.openqa.selenium.remote.RemoteWebDriver.findElement(RemoteWebDriver.java:315)
at orangeHrmProjectPages.userJobpage.jobtitle(userJobpage.java:44)
at java.base/java.util.ArrayList.forEach(ArrayList.java:1511)
... Removed 36 stack frames]]>
    </failure>
  </testcase> <!-- @BeforeMethod jobtitle -->
  <testcase classname="orangeHrmProjectPages.userJobpage" name="@BeforeMethod jobtitle" time="-1.683177817989E9">
    <skipped/>
  </testcase> <!-- @BeforeMethod jobtitle -->
  <testcase classname="orangeHrmProjectPages.userJobpage" name="@BeforeMethod jobtitle" time="-1.683177817999E9">
    <skipped/>
  </testcase> <!-- @BeforeMethod jobtitle -->
  <testcase classname="orangeHrmProjectPages.userJobpage" name="@BeforeMethod jobtitle" time="-1.683177818012E9">
    <skipped/>
  </testcase> <!-- @BeforeMethod jobtitle -->
  <testcase classname="orangeHrmProjectPages.userJobpage" name="@BeforeMethod jobtitle" time="-1.683177818032E9">
    <skipped/>
  </testcase> <!-- @BeforeMethod jobtitle -->
  <testcase classname="orangeHrmProjectPages.userJobpage" name="@BeforeMethod jobtitle" time="-1.683177818048E9">
    <skipped/>
  </testcase> <!-- @BeforeMethod jobtitle -->
  <testcase classname="orangeHrmProjectPages.userJobpage" name="@BeforeMethod jobtitle" time="-1.683177818064E9">
    <skipped/>
  </testcase> <!-- @BeforeMethod jobtitle -->
  <testcase classname="orangeHrmProjectPages.userJobpage" name="@BeforeMethod jobtitle" time="-1.683177818105E9">
    <skipped/>
  </testcase> <!-- @BeforeMethod jobtitle -->
  <testcase classname="orangeHrmProjectPages.userJobpage" name="@AfterClass close" time="-1.683177818125E9">
    <skipped/>
  </testcase> <!-- @AfterClass close -->
  <testcase classname="orangeHrmProjectPages.EmployeeStatus" name="@BeforeClass setUp" time="8.487">
    <failure type="org.openqa.selenium.NoSuchWindowException" message="no such window: target window already closed
from unknown error: web view not found
  (Session info: chrome=109.0.5414.141)
Build info: version: &amp;apos;3.141.5&amp;apos;, revision: &amp;apos;d54ebd709a&amp;apos;, time: &amp;apos;2018-11-06T11:58:47&amp;apos;
System info: host: &amp;apos;NAMRATA&amp;apos;, ip: &amp;apos;192.168.163.1&amp;apos;, os.name: &amp;apos;Windows 8.1&amp;apos;, os.arch: &amp;apos;amd64&amp;apos;, os.version: &amp;apos;6.3&amp;apos;, java.version: &amp;apos;17.0.5&amp;apos;
Driver info: org.openqa.selenium.chrome.ChromeDriver
Capabilities {acceptInsecureCerts: false, browserName: chrome, browserVersion: 109.0.5414.141, chrome: {chromedriverVersion: 109.0.5414.74 (e7c5703604da..., userDataDir: C:\Users\digu\AppData\Local...}, goog:chromeOptions: {debuggerAddress: localhost:50967}, javascriptEnabled: true, networkConnectionEnabled: false, pageLoadStrategy: normal, platform: WINDOWS, platformName: WINDOWS, proxy: Proxy(), setWindowRect: true, strictFileInteractability: false, timeouts: {implicit: 0, pageLoad: 300000, script: 30000}, unhandledPromptBehavior: dismiss and notify, webauthn:extension:credBlob: true, webauthn:extension:largeBlob: true, webauthn:virtualAuthenticators: true}
Session ID: ab78a59bfda9b04e03440c7729ec94c5
*** Element info: {Using=xpath, value=//input[@name=&amp;apos;username&amp;apos;]}">
      <![CDATA[org.openqa.selenium.NoSuchWindowException: no such window: target window already closed
from unknown error: web view not found
  (Session info: chrome=109.0.5414.141)
Build info: version: '3.141.5', revision: 'd54ebd709a', time: '2018-11-06T11:58:47'
System info: host: 'NAMRATA', ip: '192.168.163.1', os.name: 'Windows 8.1', os.arch: 'amd64', os.version: '6.3', java.version: '17.0.5'
Driver info: org.openqa.selenium.chrome.ChromeDriver
Capabilities {acceptInsecureCerts: false, browserName: chrome, browserVersion: 109.0.5414.141, chrome: {chromedriverVersion: 109.0.5414.74 (e7c5703604da..., userDataDir: C:\Users\digu\AppData\Local...}, goog:chromeOptions: {debuggerAddress: localhost:50967}, javascriptEnabled: true, networkConnectionEnabled: false, pageLoadStrategy: normal, platform: WINDOWS, platformName: WINDOWS, proxy: Proxy(), setWindowRect: true, strictFileInteractability: false, timeouts: {implicit: 0, pageLoad: 300000, script: 30000}, unhandledPromptBehavior: dismiss and notify, webauthn:extension:credBlob: true, webauthn:extension:largeBlob: true, webauthn:virtualAuthenticators: true}
Session ID: ab78a59bfda9b04e03440c7729ec94c5
*** Element info: {Using=xpath, value=//input[@name='username']}
at org.openqa.selenium.remote.http.W3CHttpResponseCodec.createException(W3CHttpResponseCodec.java:187)
at org.openqa.selenium.remote.http.W3CHttpResponseCodec.decode(W3CHttpResponseCodec.java:122)
at org.openqa.selenium.remote.http.W3CHttpResponseCodec.decode(W3CHttpResponseCodec.java:49)
at org.openqa.selenium.remote.HttpCommandExecutor.execute(HttpCommandExecutor.java:158)
at org.openqa.selenium.remote.service.DriverCommandExecutor.execute(DriverCommandExecutor.java:83)
at org.openqa.selenium.remote.RemoteWebDriver.execute(RemoteWebDriver.java:552)
at org.openqa.selenium.remote.RemoteWebDriver.findElement(RemoteWebDriver.java:323)
at org.openqa.selenium.remote.RemoteWebDriver.findElementByXPath(RemoteWebDriver.java:428)
at org.openqa.selenium.By$ByXPath.findElement(By.java:353)
at org.openqa.selenium.remote.RemoteWebDriver.findElement(RemoteWebDriver.java:315)
at orangeHrmProjectPages.EmployeeStatus.setUp(EmployeeStatus.java:27)
at java.base/java.util.ArrayList.forEach(ArrayList.java:1511)
... Removed 30 stack frames]]>
    </failure>
  </testcase> <!-- @BeforeClass setUp -->
  <testcase classname="orangeHrmProjectPages.EmployeeStatus" name="@BeforeMethod toempstatus" time="-1.683177826624E9">
    <skipped/>
  </testcase> <!-- @BeforeMethod toempstatus -->
  <testcase classname="orangeHrmProjectPages.EmployeeStatus" name="@BeforeMethod toempstatus" time="-1.683177826639E9">
    <skipped/>
  </testcase> <!-- @BeforeMethod toempstatus -->
  <testcase classname="orangeHrmProjectPages.EmployeeStatus" name="@BeforeMethod toempstatus" time="-1.683177826654E9">
    <skipped/>
  </testcase> <!-- @BeforeMethod toempstatus -->
  <testcase classname="orangeHrmProjectPages.EmployeeStatus" name="@BeforeMethod toempstatus" time="-1.68317782667E9">
    <skipped/>
  </testcase> <!-- @BeforeMethod toempstatus -->
  <testcase classname="orangeHrmProjectPages.EmployeeStatus" name="@BeforeMethod toempstatus" time="-1.683177826687E9">
    <skipped/>
  </testcase> <!-- @BeforeMethod toempstatus -->
  <testcase classname="orangeHrmProjectPages.EmployeeStatus" name="@AfterClass close" time="-1.683177826705E9">
    <skipped/>
  </testcase> <!-- @AfterClass close -->
  <testcase classname="orangeHrmProjectPages.validateTitlepage" name="@BeforeMethod launch" time="0.039">
    <failure type="org.openqa.selenium.NoSuchWindowException" message="no such window: target window already closed
from unknown error: web view not found
  (Session info: chrome=109.0.5414.141)
Build info: version: &amp;apos;3.141.5&amp;apos;, revision: &amp;apos;d54ebd709a&amp;apos;, time: &amp;apos;2018-11-06T11:58:47&amp;apos;
System info: host: &amp;apos;NAMRATA&amp;apos;, ip: &amp;apos;192.168.163.1&amp;apos;, os.name: &amp;apos;Windows 8.1&amp;apos;, os.arch: &amp;apos;amd64&amp;apos;, os.version: &amp;apos;6.3&amp;apos;, java.version: &amp;apos;17.0.5&amp;apos;
Driver info: org.openqa.selenium.chrome.ChromeDriver
Capabilities {acceptInsecureCerts: false, browserName: chrome, browserVersion: 109.0.5414.141, chrome: {chromedriverVersion: 109.0.5414.74 (e7c5703604da..., userDataDir: C:\Users\digu\AppData\Local...}, goog:chromeOptions: {debuggerAddress: localhost:50785}, javascriptEnabled: true, networkConnectionEnabled: false, pageLoadStrategy: normal, platform: WINDOWS, platformName: WINDOWS, proxy: Proxy(), setWindowRect: true, strictFileInteractability: false, timeouts: {implicit: 0, pageLoad: 300000, script: 30000}, unhandledPromptBehavior: dismiss and notify, webauthn:extension:credBlob: true, webauthn:extension:largeBlob: true, webauthn:virtualAuthenticators: true}
Session ID: 67f697bb2e489f6a5d6c6bc559c38a4f">
      <![CDATA[org.openqa.selenium.NoSuchWindowException: no such window: target window already closed
from unknown error: web view not found
  (Session info: chrome=109.0.5414.141)
Build info: version: '3.141.5', revision: 'd54ebd709a', time: '2018-11-06T11:58:47'
System info: host: 'NAMRATA', ip: '192.168.163.1', os.name: 'Windows 8.1', os.arch: 'amd64', os.version: '6.3', java.version: '17.0.5'
Driver info: org.openqa.selenium.chrome.ChromeDriver
Capabilities {acceptInsecureCerts: false, browserName: chrome, browserVersion: 109.0.5414.141, chrome: {chromedriverVersion: 109.0.5414.74 (e7c5703604da..., userDataDir: C:\Users\digu\AppData\Local...}, goog:chromeOptions: {debuggerAddress: localhost:50785}, javascriptEnabled: true, networkConnectionEnabled: false, pageLoadStrategy: normal, platform: WINDOWS, platformName: WINDOWS, proxy: Proxy(), setWindowRect: true, strictFileInteractability: false, timeouts: {implicit: 0, pageLoad: 300000, script: 30000}, unhandledPromptBehavior: dismiss and notify, webauthn:extension:credBlob: true, webauthn:extension:largeBlob: true, webauthn:virtualAuthenticators: true}
Session ID: 67f697bb2e489f6a5d6c6bc559c38a4f
at org.openqa.selenium.remote.http.W3CHttpResponseCodec.createException(W3CHttpResponseCodec.java:187)
at org.openqa.selenium.remote.http.W3CHttpResponseCodec.decode(W3CHttpResponseCodec.java:122)
at org.openqa.selenium.remote.http.W3CHttpResponseCodec.decode(W3CHttpResponseCodec.java:49)
at org.openqa.selenium.remote.HttpCommandExecutor.execute(HttpCommandExecutor.java:158)
at org.openqa.selenium.remote.service.DriverCommandExecutor.execute(DriverCommandExecutor.java:83)
at org.openqa.selenium.remote.RemoteWebDriver.execute(RemoteWebDriver.java:552)
at org.openqa.selenium.remote.RemoteWebDriver.get(RemoteWebDriver.java:277)
at orangeHrmProjectPages.validateTitlepage.launch(validateTitlepage.java:32)
at java.base/java.util.ArrayList.forEach(ArrayList.java:1511)
... Removed 36 stack frames]]>
    </failure>
  </testcase> <!-- @BeforeMethod launch -->
  <testcase classname="orangeHrmProjectPages.OHRMBase" name="@AfterTest teardown" time="8.065">
    <failure type="org.openqa.selenium.WebDriverException" message="disconnected: unable to connect to renderer
  (failed to check if window was closed: disconnected: unable to connect to renderer)
  (Session info: chrome=109.0.5414.141)
Build info: version: &amp;apos;3.141.5&amp;apos;, revision: &amp;apos;d54ebd709a&amp;apos;, time: &amp;apos;2018-11-06T11:58:47&amp;apos;
System info: host: &amp;apos;NAMRATA&amp;apos;, ip: &amp;apos;192.168.163.1&amp;apos;, os.name: &amp;apos;Windows 8.1&amp;apos;, os.arch: &amp;apos;amd64&amp;apos;, os.version: &amp;apos;6.3&amp;apos;, java.version: &amp;apos;17.0.5&amp;apos;
Driver info: org.openqa.selenium.chrome.ChromeDriver
Capabilities {acceptInsecureCerts: false, browserName: chrome, browserVersion: 109.0.5414.141, chrome: {chromedriverVersion: 109.0.5414.74 (e7c5703604da..., userDataDir: C:\Users\digu\AppData\Local...}, goog:chromeOptions: {debuggerAddress: localhost:50745}, javascriptEnabled: true, networkConnectionEnabled: false, pageLoadStrategy: normal, platform: WINDOWS, platformName: WINDOWS, proxy: Proxy(), setWindowRect: true, strictFileInteractability: false, timeouts: {implicit: 0, pageLoad: 300000, script: 30000}, unhandledPromptBehavior: dismiss and notify, webauthn:extension:credBlob: true, webauthn:extension:largeBlob: true, webauthn:virtualAuthenticators: true}
Session ID: aaca9f1cebf0200e131923ace0c5d3bd">
      <![CDATA[org.openqa.selenium.WebDriverException: disconnected: unable to connect to renderer
  (failed to check if window was closed: disconnected: unable to connect to renderer)
  (Session info: chrome=109.0.5414.141)
Build info: version: '3.141.5', revision: 'd54ebd709a', time: '2018-11-06T11:58:47'
System info: host: 'NAMRATA', ip: '192.168.163.1', os.name: 'Windows 8.1', os.arch: 'amd64', os.version: '6.3', java.version: '17.0.5'
Driver info: org.openqa.selenium.chrome.ChromeDriver
Capabilities {acceptInsecureCerts: false, browserName: chrome, browserVersion: 109.0.5414.141, chrome: {chromedriverVersion: 109.0.5414.74 (e7c5703604da..., userDataDir: C:\Users\digu\AppData\Local...}, goog:chromeOptions: {debuggerAddress: localhost:50745}, javascriptEnabled: true, networkConnectionEnabled: false, pageLoadStrategy: normal, platform: WINDOWS, platformName: WINDOWS, proxy: Proxy(), setWindowRect: true, strictFileInteractability: false, timeouts: {implicit: 0, pageLoad: 300000, script: 30000}, unhandledPromptBehavior: dismiss and notify, webauthn:extension:credBlob: true, webauthn:extension:largeBlob: true, webauthn:virtualAuthenticators: true}
Session ID: aaca9f1cebf0200e131923ace0c5d3bd
at org.openqa.selenium.remote.http.W3CHttpResponseCodec.createException(W3CHttpResponseCodec.java:187)
at org.openqa.selenium.remote.http.W3CHttpResponseCodec.decode(W3CHttpResponseCodec.java:122)
at org.openqa.selenium.remote.http.W3CHttpResponseCodec.decode(W3CHttpResponseCodec.java:49)
at org.openqa.selenium.remote.HttpCommandExecutor.execute(HttpCommandExecutor.java:158)
at org.openqa.selenium.remote.service.DriverCommandExecutor.execute(DriverCommandExecutor.java:83)
at org.openqa.selenium.remote.RemoteWebDriver.execute(RemoteWebDriver.java:552)
at org.openqa.selenium.remote.RemoteWebDriver.execute(RemoteWebDriver.java:609)
at org.openqa.selenium.remote.RemoteWebDriver.close(RemoteWebDriver.java:442)
at orangeHrmProjectPages.OHRMBase.teardown(OHRMBase.java:38)
... Removed 29 stack frames]]>
    </failure>
  </testcase> <!-- @AfterTest teardown -->
  <testcase classname="orangeHrmProjectPages.UsermanagementPage" name="@AfterTest Close" time="-1.683177834945E9">
    <skipped/>
  </testcase> <!-- @AfterTest Close -->
  <testcase classname="orangeHrmProjectPages.ValidateLoginpage" name="@AfterTest teardown" time="-1.683177834947E9">
    <skipped/>
  </testcase> <!-- @AfterTest teardown -->
  <testcase classname="orangeHrmProjectPages.validateTitlepage" name="@AfterTest aftermethod" time="-1.683177834949E9">
    <skipped/>
  </testcase> <!-- @AfterTest aftermethod -->
  <testcase classname="orangeHrmProjectPages.LoginTestCases" name="validatelogin" time="5.558"/>
  <testcase classname="orangeHrmProjectPages.LoginTestCases" name="loginButton" time="5.819"/>
  <testcase classname="orangeHrmProjectPages.LoginTestCases" name="loginButton1" time="5.338"/>
  <testcase classname="orangeHrmProjectPages.LoginTestCases" name="loginButton2" time="4.506"/>
  <testcase classname="orangeHrmProjectPages.UsermanagementPage" name="UMPage" time="1.231"/>
  <testcase classname="orangeHrmProjectPages.UsermanagementPage" name="userRole" time="0.922"/>
  <testcase classname="orangeHrmProjectPages.UsermanagementPage" name="searchPage" time="0.386"/>
  <testcase classname="orangeHrmProjectPages.UsermanagementPage" name="searchbutton" time="1.511"/>
  <testcase classname="orangeHrmProjectPages.UsermanagementPage" name="systemuserrole" time="4.557"/>
  <testcase classname="orangeHrmProjectPages.UsermanagementPage" name="result" time="0.0">
    <skipped/>
  </testcase> <!-- result -->
  <testcase classname="orangeHrmProjectPages.UsermanagementPage" name="adduserb" time="0.0">
    <skipped/>
  </testcase> <!-- adduserb -->
  <testcase classname="orangeHrmProjectPages.UsermanagementPage" name="systemUsers" time="0.0">
    <skipped/>
  </testcase> <!-- systemUsers -->
  <testcase classname="orangeHrmProjectPages.JobPage" name="addjobc" time="1.049"/>
  <testcase classname="orangeHrmProjectPages.JobPage" name="containerpage" time="1.175"/>
  <testcase classname="orangeHrmProjectPages.JobPage" name="addjob" time="2.764"/>
  <testcase classname="orangeHrmProjectPages.JobPage" name="jobcategority" time="5.467"/>
  <testcase classname="orangeHrmProjectPages.JobPage" name="grpmsg" time="3.428"/>
  <testcase classname="orangeHrmProjectPages.JobPage" name="Delete3" time="2.13">
    <failure type="org.openqa.selenium.NoSuchWindowException" message="no such window: target window already closed
from unknown error: web view not found
  (Session info: chrome=109.0.5414.141)
Build info: version: &amp;apos;3.141.5&amp;apos;, revision: &amp;apos;d54ebd709a&amp;apos;, time: &amp;apos;2018-11-06T11:58:47&amp;apos;
System info: host: &amp;apos;NAMRATA&amp;apos;, ip: &amp;apos;192.168.163.1&amp;apos;, os.name: &amp;apos;Windows 8.1&amp;apos;, os.arch: &amp;apos;amd64&amp;apos;, os.version: &amp;apos;6.3&amp;apos;, java.version: &amp;apos;17.0.5&amp;apos;
Driver info: org.openqa.selenium.chrome.ChromeDriver
Capabilities {acceptInsecureCerts: false, browserName: chrome, browserVersion: 109.0.5414.141, chrome: {chromedriverVersion: 109.0.5414.74 (e7c5703604da..., userDataDir: C:\Users\digu\AppData\Local...}, goog:chromeOptions: {debuggerAddress: localhost:50909}, javascriptEnabled: true, networkConnectionEnabled: false, pageLoadStrategy: normal, platform: WINDOWS, platformName: WINDOWS, proxy: Proxy(), setWindowRect: true, strictFileInteractability: false, timeouts: {implicit: 0, pageLoad: 300000, script: 30000}, unhandledPromptBehavior: dismiss and notify, webauthn:extension:credBlob: true, webauthn:extension:largeBlob: true, webauthn:virtualAuthenticators: true}
Session ID: 2191a1d8336d124bea795986112fd163
*** Element info: {Using=xpath, value=//*[@class=&amp;apos;oxd-text oxd-text--span&amp;apos;]}">
      <![CDATA[org.openqa.selenium.NoSuchWindowException: no such window: target window already closed
from unknown error: web view not found
  (Session info: chrome=109.0.5414.141)
Build info: version: '3.141.5', revision: 'd54ebd709a', time: '2018-11-06T11:58:47'
System info: host: 'NAMRATA', ip: '192.168.163.1', os.name: 'Windows 8.1', os.arch: 'amd64', os.version: '6.3', java.version: '17.0.5'
Driver info: org.openqa.selenium.chrome.ChromeDriver
Capabilities {acceptInsecureCerts: false, browserName: chrome, browserVersion: 109.0.5414.141, chrome: {chromedriverVersion: 109.0.5414.74 (e7c5703604da..., userDataDir: C:\Users\digu\AppData\Local...}, goog:chromeOptions: {debuggerAddress: localhost:50909}, javascriptEnabled: true, networkConnectionEnabled: false, pageLoadStrategy: normal, platform: WINDOWS, platformName: WINDOWS, proxy: Proxy(), setWindowRect: true, strictFileInteractability: false, timeouts: {implicit: 0, pageLoad: 300000, script: 30000}, unhandledPromptBehavior: dismiss and notify, webauthn:extension:credBlob: true, webauthn:extension:largeBlob: true, webauthn:virtualAuthenticators: true}
Session ID: 2191a1d8336d124bea795986112fd163
*** Element info: {Using=xpath, value=//*[@class='oxd-text oxd-text--span']}
at org.openqa.selenium.remote.http.W3CHttpResponseCodec.createException(W3CHttpResponseCodec.java:187)
at org.openqa.selenium.remote.http.W3CHttpResponseCodec.decode(W3CHttpResponseCodec.java:122)
at org.openqa.selenium.remote.http.W3CHttpResponseCodec.decode(W3CHttpResponseCodec.java:49)
at org.openqa.selenium.remote.HttpCommandExecutor.execute(HttpCommandExecutor.java:158)
at org.openqa.selenium.remote.service.DriverCommandExecutor.execute(DriverCommandExecutor.java:83)
at org.openqa.selenium.remote.RemoteWebDriver.execute(RemoteWebDriver.java:552)
at org.openqa.selenium.remote.RemoteWebDriver.findElement(RemoteWebDriver.java:323)
at org.openqa.selenium.remote.RemoteWebDriver.findElementByXPath(RemoteWebDriver.java:428)
at org.openqa.selenium.By$ByXPath.findElement(By.java:353)
at org.openqa.selenium.remote.RemoteWebDriver.findElement(RemoteWebDriver.java:315)
at orangeHrmProjectPages.JobPage.Delete3(JobPage.java:95)
at java.base/java.util.ArrayList.forEach(ArrayList.java:1511)
... Removed 32 stack frames]]>
    </failure>
  </testcase> <!-- Delete3 -->
  <testcase classname="orangeHrmProjectPages.ValidateLoginpage" name="OrangeLogin" time="0.008">
    <failure type="org.openqa.selenium.NoSuchWindowException" message="no such window: target window already closed
from unknown error: web view not found
  (Session info: chrome=109.0.5414.141)
Build info: version: &amp;apos;3.141.5&amp;apos;, revision: &amp;apos;d54ebd709a&amp;apos;, time: &amp;apos;2018-11-06T11:58:47&amp;apos;
System info: host: &amp;apos;NAMRATA&amp;apos;, ip: &amp;apos;192.168.163.1&amp;apos;, os.name: &amp;apos;Windows 8.1&amp;apos;, os.arch: &amp;apos;amd64&amp;apos;, os.version: &amp;apos;6.3&amp;apos;, java.version: &amp;apos;17.0.5&amp;apos;
Driver info: org.openqa.selenium.chrome.ChromeDriver
Capabilities {acceptInsecureCerts: false, browserName: chrome, browserVersion: 109.0.5414.141, chrome: {chromedriverVersion: 109.0.5414.74 (e7c5703604da..., userDataDir: C:\Users\digu\AppData\Local...}, goog:chromeOptions: {debuggerAddress: localhost:50774}, javascriptEnabled: true, networkConnectionEnabled: false, pageLoadStrategy: normal, platform: WINDOWS, platformName: WINDOWS, proxy: Proxy(), setWindowRect: true, strictFileInteractability: false, timeouts: {implicit: 0, pageLoad: 300000, script: 30000}, unhandledPromptBehavior: dismiss and notify, webauthn:extension:credBlob: true, webauthn:extension:largeBlob: true, webauthn:virtualAuthenticators: true}
Session ID: 43c0d15a9d31fbf1da06e4033780bb55">
      <![CDATA[org.openqa.selenium.NoSuchWindowException: no such window: target window already closed
from unknown error: web view not found
  (Session info: chrome=109.0.5414.141)
Build info: version: '3.141.5', revision: 'd54ebd709a', time: '2018-11-06T11:58:47'
System info: host: 'NAMRATA', ip: '192.168.163.1', os.name: 'Windows 8.1', os.arch: 'amd64', os.version: '6.3', java.version: '17.0.5'
Driver info: org.openqa.selenium.chrome.ChromeDriver
Capabilities {acceptInsecureCerts: false, browserName: chrome, browserVersion: 109.0.5414.141, chrome: {chromedriverVersion: 109.0.5414.74 (e7c5703604da..., userDataDir: C:\Users\digu\AppData\Local...}, goog:chromeOptions: {debuggerAddress: localhost:50774}, javascriptEnabled: true, networkConnectionEnabled: false, pageLoadStrategy: normal, platform: WINDOWS, platformName: WINDOWS, proxy: Proxy(), setWindowRect: true, strictFileInteractability: false, timeouts: {implicit: 0, pageLoad: 300000, script: 30000}, unhandledPromptBehavior: dismiss and notify, webauthn:extension:credBlob: true, webauthn:extension:largeBlob: true, webauthn:virtualAuthenticators: true}
Session ID: 43c0d15a9d31fbf1da06e4033780bb55
at org.openqa.selenium.remote.http.W3CHttpResponseCodec.createException(W3CHttpResponseCodec.java:187)
at org.openqa.selenium.remote.http.W3CHttpResponseCodec.decode(W3CHttpResponseCodec.java:122)
at org.openqa.selenium.remote.http.W3CHttpResponseCodec.decode(W3CHttpResponseCodec.java:49)
at org.openqa.selenium.remote.HttpCommandExecutor.execute(HttpCommandExecutor.java:158)
at org.openqa.selenium.remote.service.DriverCommandExecutor.execute(DriverCommandExecutor.java:83)
at org.openqa.selenium.remote.RemoteWebDriver.execute(RemoteWebDriver.java:552)
at org.openqa.selenium.remote.RemoteWebDriver.get(RemoteWebDriver.java:277)
at orangeHrmProjectPages.ValidateLoginpage.OrangeLogin(ValidateLoginpage.java:25)
at java.base/java.util.ArrayList.forEach(ArrayList.java:1511)
... Removed 32 stack frames]]>
    </failure>
  </testcase> <!-- OrangeLogin -->
  <testcase classname="orangeHrmProjectPages.adminPagem" name="paygradePage" time="0.0">
    <skipped/>
  </testcase> <!-- paygradePage -->
  <testcase classname="orangeHrmProjectPages.adminPagem" name="check" time="0.0">
    <skipped/>
  </testcase> <!-- check -->
  <testcase classname="orangeHrmProjectPages.adminPagem" name="addForm" time="0.0">
    <skipped/>
  </testcase> <!-- addForm -->
  <testcase classname="orangeHrmProjectPages.adminPagem" name="submitbutton" time="0.0">
    <skipped/>
  </testcase> <!-- submitbutton -->
  <testcase classname="orangeHrmProjectPages.adminPagem" name="jobgradebuttn" time="0.0">
    <skipped/>
  </testcase> <!-- jobgradebuttn -->
  <testcase classname="orangeHrmProjectPages.adminPagem" name="massage" time="0.0">
    <skipped/>
  </testcase> <!-- massage -->
  <testcase classname="orangeHrmProjectPages.adminPagem" name="gradedis" time="0.0">
    <skipped/>
  </testcase> <!-- gradedis -->
  <testcase classname="orangeHrmProjectPages.adminPagem" name="delete" time="0.0">
    <skipped/>
  </testcase> <!-- delete -->
  <testcase classname="orangeHrmProjectPages.userJobpage" name="mainTitle" time="0.0">
    <skipped/>
  </testcase> <!-- mainTitle -->
  <testcase classname="orangeHrmProjectPages.userJobpage" name="jobcontainer" time="0.0">
    <skipped/>
  </testcase> <!-- jobcontainer -->
  <testcase classname="orangeHrmProjectPages.userJobpage" name="resultTable" time="0.0">
    <skipped/>
  </testcase> <!-- resultTable -->
  <testcase classname="orangeHrmProjectPages.userJobpage" name="formPage" time="0.0">
    <skipped/>
  </testcase> <!-- formPage -->
  <testcase classname="orangeHrmProjectPages.userJobpage" name="addJobtilte" time="0.0">
    <skipped/>
  </testcase> <!-- addJobtilte -->
  <testcase classname="orangeHrmProjectPages.userJobpage" name="groupmsg" time="0.0">
    <skipped/>
  </testcase> <!-- groupmsg -->
  <testcase classname="orangeHrmProjectPages.userJobpage" name="modifyform" time="0.0">
    <skipped/>
  </testcase> <!-- modifyform -->
  <testcase classname="orangeHrmProjectPages.userJobpage" name="conform" time="0.0">
    <skipped/>
  </testcase> <!-- conform -->
  <testcase classname="orangeHrmProjectPages.EmployeeStatus" name="empstatus" time="0.0">
    <skipped/>
  </testcase> <!-- empstatus -->
  <testcase classname="orangeHrmProjectPages.EmployeeStatus" name="addStatus" time="0.0">
    <skipped/>
  </testcase> <!-- addStatus -->
  <testcase classname="orangeHrmProjectPages.EmployeeStatus" name="addemp" time="0.0">
    <skipped/>
  </testcase> <!-- addemp -->
  <testcase classname="orangeHrmProjectPages.EmployeeStatus" name="submitemp" time="0.0">
    <skipped/>
  </testcase> <!-- submitemp -->
  <testcase classname="orangeHrmProjectPages.EmployeeStatus" name="deleteemp" time="0.0">
    <skipped/>
  </testcase> <!-- deleteemp -->
  <testcase classname="orangeHrmProjectPages.OHRMBase" name="initialization" time="0.098">
    <failure type="org.openqa.selenium.NoSuchWindowException" message="no such window: target window already closed
from unknown error: web view not found
  (Session info: chrome=109.0.5414.141)
Build info: version: &amp;apos;3.141.5&amp;apos;, revision: &amp;apos;d54ebd709a&amp;apos;, time: &amp;apos;2018-11-06T11:58:47&amp;apos;
System info: host: &amp;apos;NAMRATA&amp;apos;, ip: &amp;apos;192.168.163.1&amp;apos;, os.name: &amp;apos;Windows 8.1&amp;apos;, os.arch: &amp;apos;amd64&amp;apos;, os.version: &amp;apos;6.3&amp;apos;, java.version: &amp;apos;17.0.5&amp;apos;
Driver info: org.openqa.selenium.chrome.ChromeDriver
Capabilities {acceptInsecureCerts: false, browserName: chrome, browserVersion: 109.0.5414.141, chrome: {chromedriverVersion: 109.0.5414.74 (e7c5703604da..., userDataDir: C:\Users\digu\AppData\Local...}, goog:chromeOptions: {debuggerAddress: localhost:50745}, javascriptEnabled: true, networkConnectionEnabled: false, pageLoadStrategy: normal, platform: WINDOWS, platformName: WINDOWS, proxy: Proxy(), setWindowRect: true, strictFileInteractability: false, timeouts: {implicit: 0, pageLoad: 300000, script: 30000}, unhandledPromptBehavior: dismiss and notify, webauthn:extension:credBlob: true, webauthn:extension:largeBlob: true, webauthn:virtualAuthenticators: true}
Session ID: aaca9f1cebf0200e131923ace0c5d3bd">
      <![CDATA[org.openqa.selenium.NoSuchWindowException: no such window: target window already closed
from unknown error: web view not found
  (Session info: chrome=109.0.5414.141)
Build info: version: '3.141.5', revision: 'd54ebd709a', time: '2018-11-06T11:58:47'
System info: host: 'NAMRATA', ip: '192.168.163.1', os.name: 'Windows 8.1', os.arch: 'amd64', os.version: '6.3', java.version: '17.0.5'
Driver info: org.openqa.selenium.chrome.ChromeDriver
Capabilities {acceptInsecureCerts: false, browserName: chrome, browserVersion: 109.0.5414.141, chrome: {chromedriverVersion: 109.0.5414.74 (e7c5703604da..., userDataDir: C:\Users\digu\AppData\Local...}, goog:chromeOptions: {debuggerAddress: localhost:50745}, javascriptEnabled: true, networkConnectionEnabled: false, pageLoadStrategy: normal, platform: WINDOWS, platformName: WINDOWS, proxy: Proxy(), setWindowRect: true, strictFileInteractability: false, timeouts: {implicit: 0, pageLoad: 300000, script: 30000}, unhandledPromptBehavior: dismiss and notify, webauthn:extension:credBlob: true, webauthn:extension:largeBlob: true, webauthn:virtualAuthenticators: true}
Session ID: aaca9f1cebf0200e131923ace0c5d3bd
at org.openqa.selenium.remote.http.W3CHttpResponseCodec.createException(W3CHttpResponseCodec.java:187)
at org.openqa.selenium.remote.http.W3CHttpResponseCodec.decode(W3CHttpResponseCodec.java:122)
at org.openqa.selenium.remote.http.W3CHttpResponseCodec.decode(W3CHttpResponseCodec.java:49)
at org.openqa.selenium.remote.HttpCommandExecutor.execute(HttpCommandExecutor.java:158)
at org.openqa.selenium.remote.service.DriverCommandExecutor.execute(DriverCommandExecutor.java:83)
at org.openqa.selenium.remote.RemoteWebDriver.execute(RemoteWebDriver.java:552)
at org.openqa.selenium.remote.RemoteWebDriver.get(RemoteWebDriver.java:277)
at orangeHrmProjectPages.OHRMBase.initialization(OHRMBase.java:23)
at java.base/java.util.ArrayList.forEach(ArrayList.java:1511)
... Removed 32 stack frames]]>
    </failure>
  </testcase> <!-- initialization -->
  <testcase classname="orangeHrmProjectPages.validateTitlepage" name="validateTitle" time="0.001">
    <skipped/>
  </testcase> <!-- validateTitle -->
</testsuite> <!-- Test -->
